<?xml version="1.0" encoding="UTF-8"?>
<!-- Generated by org.testng.reporters.JUnitReportReporter -->
<testsuite hostname="CTLINLP-0894.local" name="com.web.poc.script.TestingAction" tests="1" failures="0" timestamp="22 Aug 2017 12:26:53 GMT" time="2.331" errors="0">
  <testcase name="Agility_CIS_Automation_Demo" time="2.331" classname="com.web.poc.script.TestingAction"/>
</testsuite> <!-- com.web.poc.script.TestingAction -->
