<?xml version="1.0" encoding="UTF-8"?>
<!-- Generated by org.testng.reporters.JUnitReportReporter -->
<testsuite skipped="0" hostname="HW2247" name="com.web.automation.scripts.QuoteError" tests="1" failures="0" timestamp="06 Apr 2018 04:28:53 GMT" time="463.618" errors="0">
  <testcase name="QuoteErrorResult" time="463.618" classname="com.web.automation.scripts.QuoteError"/>
</testsuite> <!-- com.web.automation.scripts.QuoteError -->
