<?xml version="1.0" encoding="UTF-8"?>
<!-- Generated by org.testng.reporters.JUnitReportReporter -->
<testsuite skipped="0" hostname="HW2247" name="com.web.automation.scripts.QuoteAccept" tests="30" failures="0" timestamp="28 Mar 2018 22:12:03 GMT" time="3410.410" errors="0">
  <testcase name="QuoteAccept" time="71.699" classname="com.web.automation.scripts.QuoteAccept"/>
  <testcase name="QuoteAccept" time="69.354" classname="com.web.automation.scripts.QuoteAccept"/>
  <testcase name="QuoteAccept" time="71.879" classname="com.web.automation.scripts.QuoteAccept"/>
  <testcase name="QuoteAccept" time="69.370" classname="com.web.automation.scripts.QuoteAccept"/>
  <testcase name="QuoteAccept" time="71.900" classname="com.web.automation.scripts.QuoteAccept"/>
  <testcase name="QuoteAccept" time="69.308" classname="com.web.automation.scripts.QuoteAccept"/>
  <testcase name="QuoteAccept" time="69.441" classname="com.web.automation.scripts.QuoteAccept"/>
  <testcase name="QuoteAccept" time="71.145" classname="com.web.automation.scripts.QuoteAccept"/>
  <testcase name="QuoteAccept" time="400.987" classname="com.web.automation.scripts.QuoteAccept"/>
  <testcase name="QuoteAccept" time="69.070" classname="com.web.automation.scripts.QuoteAccept"/>
  <testcase name="QuoteAccept" time="67.228" classname="com.web.automation.scripts.QuoteAccept"/>
  <testcase name="QuoteAccept" time="71.311" classname="com.web.automation.scripts.QuoteAccept"/>
  <testcase name="QuoteAccept" time="71.772" classname="com.web.automation.scripts.QuoteAccept"/>
  <testcase name="QuoteAccept" time="721.719" classname="com.web.automation.scripts.QuoteAccept"/>
  <testcase name="QuoteAccept" time="68.300" classname="com.web.automation.scripts.QuoteAccept"/>
  <testcase name="QuoteAccept" time="71.764" classname="com.web.automation.scripts.QuoteAccept"/>
  <testcase name="QuoteAccept" time="69.804" classname="com.web.automation.scripts.QuoteAccept"/>
  <testcase name="QuoteAccept" time="71.827" classname="com.web.automation.scripts.QuoteAccept"/>
  <testcase name="QuoteAccept" time="68.815" classname="com.web.automation.scripts.QuoteAccept"/>
  <testcase name="QuoteAccept" time="67.742" classname="com.web.automation.scripts.QuoteAccept"/>
  <testcase name="QuoteAccept" time="67.906" classname="com.web.automation.scripts.QuoteAccept"/>
  <testcase name="QuoteAccept" time="71.171" classname="com.web.automation.scripts.QuoteAccept"/>
  <testcase name="QuoteAccept" time="401.522" classname="com.web.automation.scripts.QuoteAccept"/>
  <testcase name="QuoteAccept" time="69.075" classname="com.web.automation.scripts.QuoteAccept"/>
  <testcase name="QuoteAccept" time="71.511" classname="com.web.automation.scripts.QuoteAccept"/>
  <testcase name="QuoteAccept" time="69.549" classname="com.web.automation.scripts.QuoteAccept"/>
  <testcase name="QuoteAccept" time="68.792" classname="com.web.automation.scripts.QuoteAccept"/>
  <testcase name="QuoteAccept" time="69.011" classname="com.web.automation.scripts.QuoteAccept"/>
  <testcase name="QuoteAccept" time="67.135" classname="com.web.automation.scripts.QuoteAccept"/>
  <testcase name="QuoteAccept" time="70.303" classname="com.web.automation.scripts.QuoteAccept"/>
</testsuite> <!-- com.web.automation.scripts.QuoteAccept -->
