<?xml version="1.0" encoding="UTF-8"?>
<!-- Generated by org.testng.reporters.JUnitReportReporter -->
<testsuite skipped="0" hostname="HW2247" name="com.web.automation.scripts.QuoteRefer" tests="30" failures="0" timestamp="23 Mar 2018 19:19:03 GMT" time="2169.570" errors="0">
  <testcase name="QuoteRefer" time="70.085" classname="com.web.automation.scripts.QuoteRefer"/>
  <testcase name="QuoteRefer" time="70.214" classname="com.web.automation.scripts.QuoteRefer"/>
  <testcase name="QuoteRefer" time="71.906" classname="com.web.automation.scripts.QuoteRefer"/>
  <testcase name="QuoteRefer" time="71.962" classname="com.web.automation.scripts.QuoteRefer"/>
  <testcase name="QuoteRefer" time="71.376" classname="com.web.automation.scripts.QuoteRefer"/>
  <testcase name="QuoteRefer" time="74.400" classname="com.web.automation.scripts.QuoteRefer"/>
  <testcase name="QuoteRefer" time="71.459" classname="com.web.automation.scripts.QuoteRefer"/>
  <testcase name="QuoteRefer" time="71.961" classname="com.web.automation.scripts.QuoteRefer"/>
  <testcase name="QuoteRefer" time="73.519" classname="com.web.automation.scripts.QuoteRefer"/>
  <testcase name="QuoteRefer" time="71.841" classname="com.web.automation.scripts.QuoteRefer"/>
  <testcase name="QuoteRefer" time="74.204" classname="com.web.automation.scripts.QuoteRefer"/>
  <testcase name="QuoteRefer" time="71.936" classname="com.web.automation.scripts.QuoteRefer"/>
  <testcase name="QuoteRefer" time="74.137" classname="com.web.automation.scripts.QuoteRefer"/>
  <testcase name="QuoteRefer" time="72.206" classname="com.web.automation.scripts.QuoteRefer"/>
  <testcase name="QuoteRefer" time="71.949" classname="com.web.automation.scripts.QuoteRefer"/>
  <testcase name="QuoteRefer" time="73.285" classname="com.web.automation.scripts.QuoteRefer"/>
  <testcase name="QuoteRefer" time="73.862" classname="com.web.automation.scripts.QuoteRefer"/>
  <testcase name="QuoteRefer" time="72.874" classname="com.web.automation.scripts.QuoteRefer"/>
  <testcase name="QuoteRefer" time="70.299" classname="com.web.automation.scripts.QuoteRefer"/>
  <testcase name="QuoteRefer" time="73.533" classname="com.web.automation.scripts.QuoteRefer"/>
  <testcase name="QuoteRefer" time="70.404" classname="com.web.automation.scripts.QuoteRefer"/>
  <testcase name="QuoteRefer" time="71.605" classname="com.web.automation.scripts.QuoteRefer"/>
  <testcase name="QuoteRefer" time="71.962" classname="com.web.automation.scripts.QuoteRefer"/>
  <testcase name="QuoteRefer" time="74.829" classname="com.web.automation.scripts.QuoteRefer"/>
  <testcase name="QuoteRefer" time="71.248" classname="com.web.automation.scripts.QuoteRefer"/>
  <testcase name="QuoteRefer" time="73.971" classname="com.web.automation.scripts.QuoteRefer"/>
  <testcase name="QuoteRefer" time="73.010" classname="com.web.automation.scripts.QuoteRefer"/>
  <testcase name="QuoteRefer" time="73.693" classname="com.web.automation.scripts.QuoteRefer"/>
  <testcase name="QuoteRefer" time="71.905" classname="com.web.automation.scripts.QuoteRefer"/>
  <testcase name="QuoteRefer" time="69.935" classname="com.web.automation.scripts.QuoteRefer"/>
</testsuite> <!-- com.web.automation.scripts.QuoteRefer -->
