<?xml version="1.0" encoding="UTF-8"?>
<!-- Generated by org.testng.reporters.JUnitReportReporter -->
<testsuite skipped="0" hostname="HW1121" name="com.mobile.automation.scripts.Mobile_Demo" tests="1" failures="0" timestamp="06 Oct 2017 06:49:44 GMT" time="0.014" errors="0">
  <testcase name="sampleMobile" time="0.014" classname="com.mobile.automation.scripts.Mobile_Demo"/>
</testsuite> <!-- com.mobile.automation.scripts.Mobile_Demo -->
