<?xml version="1.0" encoding="UTF-8"?>
<!-- Generated by org.testng.reporters.JUnitReportReporter -->
<testsuite skipped="0" hostname="HW2247" name="com.web.automation.scripts.QuoteVedaRecordNotFound" tests="30" failures="0" timestamp="28 Mar 2018 22:12:03 GMT" time="2611.529" errors="0">
  <testcase name="QuoteVedaRecordNotFound" time="595.791" classname="com.web.automation.scripts.QuoteVedaRecordNotFound"/>
  <testcase name="QuoteVedaRecordNotFound" time="71.513" classname="com.web.automation.scripts.QuoteVedaRecordNotFound"/>
  <testcase name="QuoteVedaRecordNotFound" time="70.956" classname="com.web.automation.scripts.QuoteVedaRecordNotFound"/>
  <testcase name="QuoteVedaRecordNotFound" time="66.901" classname="com.web.automation.scripts.QuoteVedaRecordNotFound"/>
  <testcase name="QuoteVedaRecordNotFound" time="68.184" classname="com.web.automation.scripts.QuoteVedaRecordNotFound"/>
  <testcase name="QuoteVedaRecordNotFound" time="69.171" classname="com.web.automation.scripts.QuoteVedaRecordNotFound"/>
  <testcase name="QuoteVedaRecordNotFound" time="68.893" classname="com.web.automation.scripts.QuoteVedaRecordNotFound"/>
  <testcase name="QuoteVedaRecordNotFound" time="69.021" classname="com.web.automation.scripts.QuoteVedaRecordNotFound"/>
  <testcase name="QuoteVedaRecordNotFound" time="71.617" classname="com.web.automation.scripts.QuoteVedaRecordNotFound"/>
  <testcase name="QuoteVedaRecordNotFound" time="69.258" classname="com.web.automation.scripts.QuoteVedaRecordNotFound"/>
  <testcase name="QuoteVedaRecordNotFound" time="69.516" classname="com.web.automation.scripts.QuoteVedaRecordNotFound"/>
  <testcase name="QuoteVedaRecordNotFound" time="67.418" classname="com.web.automation.scripts.QuoteVedaRecordNotFound"/>
  <testcase name="QuoteVedaRecordNotFound" time="67.036" classname="com.web.automation.scripts.QuoteVedaRecordNotFound"/>
  <testcase name="QuoteVedaRecordNotFound" time="68.845" classname="com.web.automation.scripts.QuoteVedaRecordNotFound"/>
  <testcase name="QuoteVedaRecordNotFound" time="69.717" classname="com.web.automation.scripts.QuoteVedaRecordNotFound"/>
  <testcase name="QuoteVedaRecordNotFound" time="70.045" classname="com.web.automation.scripts.QuoteVedaRecordNotFound"/>
  <testcase name="QuoteVedaRecordNotFound" time="68.606" classname="com.web.automation.scripts.QuoteVedaRecordNotFound"/>
  <testcase name="QuoteVedaRecordNotFound" time="70.848" classname="com.web.automation.scripts.QuoteVedaRecordNotFound"/>
  <testcase name="QuoteVedaRecordNotFound" time="71.448" classname="com.web.automation.scripts.QuoteVedaRecordNotFound"/>
  <testcase name="QuoteVedaRecordNotFound" time="71.246" classname="com.web.automation.scripts.QuoteVedaRecordNotFound"/>
  <testcase name="QuoteVedaRecordNotFound" time="69.046" classname="com.web.automation.scripts.QuoteVedaRecordNotFound"/>
  <testcase name="QuoteVedaRecordNotFound" time="68.960" classname="com.web.automation.scripts.QuoteVedaRecordNotFound"/>
  <testcase name="QuoteVedaRecordNotFound" time="67.740" classname="com.web.automation.scripts.QuoteVedaRecordNotFound"/>
  <testcase name="QuoteVedaRecordNotFound" time="69.024" classname="com.web.automation.scripts.QuoteVedaRecordNotFound"/>
  <testcase name="QuoteVedaRecordNotFound" time="68.788" classname="com.web.automation.scripts.QuoteVedaRecordNotFound"/>
  <testcase name="QuoteVedaRecordNotFound" time="69.898" classname="com.web.automation.scripts.QuoteVedaRecordNotFound"/>
  <testcase name="QuoteVedaRecordNotFound" time="70.840" classname="com.web.automation.scripts.QuoteVedaRecordNotFound"/>
  <testcase name="QuoteVedaRecordNotFound" time="71.339" classname="com.web.automation.scripts.QuoteVedaRecordNotFound"/>
  <testcase name="QuoteVedaRecordNotFound" time="68.739" classname="com.web.automation.scripts.QuoteVedaRecordNotFound"/>
  <testcase name="QuoteVedaRecordNotFound" time="71.125" classname="com.web.automation.scripts.QuoteVedaRecordNotFound"/>
</testsuite> <!-- com.web.automation.scripts.QuoteVedaRecordNotFound -->
