<?xml version="1.0" encoding="UTF-8"?>
<!-- Generated by org.testng.reporters.JUnitReportReporter -->
<testsuite skipped="0" hostname="HW2247" name="com.web.automation.scripts.QuoteReferBizCover" tests="30" failures="0" timestamp="28 Mar 2018 22:12:03 GMT" time="2551.423" errors="0">
  <testcase name="QuoteReferBizCover" time="69.337" classname="com.web.automation.scripts.QuoteReferBizCover"/>
  <testcase name="QuoteReferBizCover" time="69.170" classname="com.web.automation.scripts.QuoteReferBizCover"/>
  <testcase name="QuoteReferBizCover" time="69.105" classname="com.web.automation.scripts.QuoteReferBizCover"/>
  <testcase name="QuoteReferBizCover" time="67.707" classname="com.web.automation.scripts.QuoteReferBizCover"/>
  <testcase name="QuoteReferBizCover" time="71.336" classname="com.web.automation.scripts.QuoteReferBizCover"/>
  <testcase name="QuoteReferBizCover" time="69.144" classname="com.web.automation.scripts.QuoteReferBizCover"/>
  <testcase name="QuoteReferBizCover" time="67.259" classname="com.web.automation.scripts.QuoteReferBizCover"/>
  <testcase name="QuoteReferBizCover" time="67.598" classname="com.web.automation.scripts.QuoteReferBizCover"/>
  <testcase name="QuoteReferBizCover" time="70.063" classname="com.web.automation.scripts.QuoteReferBizCover"/>
  <testcase name="QuoteReferBizCover" time="68.819" classname="com.web.automation.scripts.QuoteReferBizCover"/>
  <testcase name="QuoteReferBizCover" time="70.536" classname="com.web.automation.scripts.QuoteReferBizCover"/>
  <testcase name="QuoteReferBizCover" time="71.247" classname="com.web.automation.scripts.QuoteReferBizCover"/>
  <testcase name="QuoteReferBizCover" time="69.031" classname="com.web.automation.scripts.QuoteReferBizCover"/>
  <testcase name="QuoteReferBizCover" time="71.114" classname="com.web.automation.scripts.QuoteReferBizCover"/>
  <testcase name="QuoteReferBizCover" time="526.391" classname="com.web.automation.scripts.QuoteReferBizCover"/>
  <testcase name="QuoteReferBizCover" time="69.198" classname="com.web.automation.scripts.QuoteReferBizCover"/>
  <testcase name="QuoteReferBizCover" time="71.453" classname="com.web.automation.scripts.QuoteReferBizCover"/>
  <testcase name="QuoteReferBizCover" time="69.693" classname="com.web.automation.scripts.QuoteReferBizCover"/>
  <testcase name="QuoteReferBizCover" time="71.086" classname="com.web.automation.scripts.QuoteReferBizCover"/>
  <testcase name="QuoteReferBizCover" time="68.717" classname="com.web.automation.scripts.QuoteReferBizCover"/>
  <testcase name="QuoteReferBizCover" time="67.516" classname="com.web.automation.scripts.QuoteReferBizCover"/>
  <testcase name="QuoteReferBizCover" time="71.131" classname="com.web.automation.scripts.QuoteReferBizCover"/>
  <testcase name="QuoteReferBizCover" time="71.381" classname="com.web.automation.scripts.QuoteReferBizCover"/>
  <testcase name="QuoteReferBizCover" time="68.713" classname="com.web.automation.scripts.QuoteReferBizCover"/>
  <testcase name="QuoteReferBizCover" time="71.540" classname="com.web.automation.scripts.QuoteReferBizCover"/>
  <testcase name="QuoteReferBizCover" time="71.579" classname="com.web.automation.scripts.QuoteReferBizCover"/>
  <testcase name="QuoteReferBizCover" time="71.094" classname="com.web.automation.scripts.QuoteReferBizCover"/>
  <testcase name="QuoteReferBizCover" time="68.940" classname="com.web.automation.scripts.QuoteReferBizCover"/>
  <testcase name="QuoteReferBizCover" time="69.501" classname="com.web.automation.scripts.QuoteReferBizCover"/>
  <testcase name="QuoteReferBizCover" time="72.024" classname="com.web.automation.scripts.QuoteReferBizCover"/>
</testsuite> <!-- com.web.automation.scripts.QuoteReferBizCover -->
