<?xml version="1.0" encoding="UTF-8"?>
<!-- Generated by org.testng.reporters.JUnitReportReporter -->
<testsuite skipped="0" hostname="HW2247" name="com.mobile.automation.scripts.GS1_Login_Mobile1" tests="2" failures="2" timestamp="12 Mar 2018 14:11:13 GMT" time="34.253" errors="0">
  <testcase name="GS1_Login1" time="19.498" classname="com.mobile.automation.scripts.GS1_Login_Mobile1">
    <failure type="java.lang.AssertionError" message="Test Case Failed because - Failed to Login into GS1 application">
      <![CDATA[java.lang.AssertionError: Test Case Failed because - Failed to Login into GS1 application
	at org.testng.Assert.fail(Assert.java:93)
	at com.mobile.automation.scripts.GS1_Login_Mobile1.TestCaseStatus(GS1_Login_Mobile1.java:41)
	at com.mobile.automation.scripts.GS1_Login_Mobile1.GS1_Login1(GS1_Login_Mobile1.java:86)
	at sun.reflect.NativeMethodAccessorImpl.invoke0(Native Method)
	at sun.reflect.NativeMethodAccessorImpl.invoke(Unknown Source)
	at sun.reflect.DelegatingMethodAccessorImpl.invoke(Unknown Source)
	at java.lang.reflect.Method.invoke(Unknown Source)
	at org.testng.internal.MethodInvocationHelper.invokeMethod(MethodInvocationHelper.java:108)
	at org.testng.internal.Invoker.invokeMethod(Invoker.java:669)
	at org.testng.internal.Invoker.invokeTestMethod(Invoker.java:877)
	at org.testng.internal.Invoker.invokeTestMethods(Invoker.java:1201)
	at org.testng.internal.TestMethodWorker.invokeTestMethods(TestMethodWorker.java:125)
	at org.testng.internal.TestMethodWorker.run(TestMethodWorker.java:109)
	at org.testng.TestRunner.privateRun(TestRunner.java:776)
	at org.testng.TestRunner.run(TestRunner.java:634)
	at org.testng.SuiteRunner.runTest(SuiteRunner.java:425)
	at org.testng.SuiteRunner.access$000(SuiteRunner.java:40)
	at org.testng.SuiteRunner$SuiteWorker.run(SuiteRunner.java:459)
	at org.testng.internal.thread.ThreadUtil$1.call(ThreadUtil.java:52)
	at java.util.concurrent.FutureTask.run(Unknown Source)
	at java.util.concurrent.ThreadPoolExecutor.runWorker(Unknown Source)
	at java.util.concurrent.ThreadPoolExecutor$Worker.run(Unknown Source)
	at java.lang.Thread.run(Unknown Source)
]]>
    </failure>
  </testcase> <!-- GS1_Login1 -->
  <testcase name="GS1_Login1" time="14.755" classname="com.mobile.automation.scripts.GS1_Login_Mobile1">
    <failure type="java.lang.AssertionError" message="Test Case Failed because - Failed to Login into GS1 application">
      <![CDATA[java.lang.AssertionError: Test Case Failed because - Failed to Login into GS1 application
	at org.testng.Assert.fail(Assert.java:93)
	at com.mobile.automation.scripts.GS1_Login_Mobile1.TestCaseStatus(GS1_Login_Mobile1.java:41)
	at com.mobile.automation.scripts.GS1_Login_Mobile1.GS1_Login1(GS1_Login_Mobile1.java:86)
	at sun.reflect.NativeMethodAccessorImpl.invoke0(Native Method)
	at sun.reflect.NativeMethodAccessorImpl.invoke(Unknown Source)
	at sun.reflect.DelegatingMethodAccessorImpl.invoke(Unknown Source)
	at java.lang.reflect.Method.invoke(Unknown Source)
	at org.testng.internal.MethodInvocationHelper.invokeMethod(MethodInvocationHelper.java:108)
	at org.testng.internal.Invoker.invokeMethod(Invoker.java:669)
	at org.testng.internal.Invoker.invokeTestMethod(Invoker.java:877)
	at org.testng.internal.Invoker.invokeTestMethods(Invoker.java:1201)
	at org.testng.internal.TestMethodWorker.invokeTestMethods(TestMethodWorker.java:125)
	at org.testng.internal.TestMethodWorker.run(TestMethodWorker.java:109)
	at org.testng.TestRunner.privateRun(TestRunner.java:776)
	at org.testng.TestRunner.run(TestRunner.java:634)
	at org.testng.SuiteRunner.runTest(SuiteRunner.java:425)
	at org.testng.SuiteRunner.access$000(SuiteRunner.java:40)
	at org.testng.SuiteRunner$SuiteWorker.run(SuiteRunner.java:459)
	at org.testng.internal.thread.ThreadUtil$1.call(ThreadUtil.java:52)
	at java.util.concurrent.FutureTask.run(Unknown Source)
	at java.util.concurrent.ThreadPoolExecutor.runWorker(Unknown Source)
	at java.util.concurrent.ThreadPoolExecutor$Worker.run(Unknown Source)
	at java.lang.Thread.run(Unknown Source)
]]>
    </failure>
  </testcase> <!-- GS1_Login1 -->
</testsuite> <!-- com.mobile.automation.scripts.GS1_Login_Mobile1 -->
