<?xml version="1.0" encoding="UTF-8"?>
<!-- Generated by org.testng.reporters.JUnitReportReporter -->
<testsuite skipped="0" hostname="HW2247" name="com.web.automation.scripts.QuoteIDMatrixRecordNotFound" tests="30" failures="0" timestamp="28 Mar 2018 22:12:03 GMT" time="2094.307" errors="0">
  <testcase name="QuoteIDMatrixRecordNotFound" time="70.110" classname="com.web.automation.scripts.QuoteIDMatrixRecordNotFound"/>
  <testcase name="QuoteIDMatrixRecordNotFound" time="70.007" classname="com.web.automation.scripts.QuoteIDMatrixRecordNotFound"/>
  <testcase name="QuoteIDMatrixRecordNotFound" time="71.113" classname="com.web.automation.scripts.QuoteIDMatrixRecordNotFound"/>
  <testcase name="QuoteIDMatrixRecordNotFound" time="70.984" classname="com.web.automation.scripts.QuoteIDMatrixRecordNotFound"/>
  <testcase name="QuoteIDMatrixRecordNotFound" time="67.174" classname="com.web.automation.scripts.QuoteIDMatrixRecordNotFound"/>
  <testcase name="QuoteIDMatrixRecordNotFound" time="71.186" classname="com.web.automation.scripts.QuoteIDMatrixRecordNotFound"/>
  <testcase name="QuoteIDMatrixRecordNotFound" time="71.839" classname="com.web.automation.scripts.QuoteIDMatrixRecordNotFound"/>
  <testcase name="QuoteIDMatrixRecordNotFound" time="70.869" classname="com.web.automation.scripts.QuoteIDMatrixRecordNotFound"/>
  <testcase name="QuoteIDMatrixRecordNotFound" time="69.174" classname="com.web.automation.scripts.QuoteIDMatrixRecordNotFound"/>
  <testcase name="QuoteIDMatrixRecordNotFound" time="71.244" classname="com.web.automation.scripts.QuoteIDMatrixRecordNotFound"/>
  <testcase name="QuoteIDMatrixRecordNotFound" time="72.893" classname="com.web.automation.scripts.QuoteIDMatrixRecordNotFound"/>
  <testcase name="QuoteIDMatrixRecordNotFound" time="69.973" classname="com.web.automation.scripts.QuoteIDMatrixRecordNotFound"/>
  <testcase name="QuoteIDMatrixRecordNotFound" time="70.675" classname="com.web.automation.scripts.QuoteIDMatrixRecordNotFound"/>
  <testcase name="QuoteIDMatrixRecordNotFound" time="69.057" classname="com.web.automation.scripts.QuoteIDMatrixRecordNotFound"/>
  <testcase name="QuoteIDMatrixRecordNotFound" time="67.256" classname="com.web.automation.scripts.QuoteIDMatrixRecordNotFound"/>
  <testcase name="QuoteIDMatrixRecordNotFound" time="68.966" classname="com.web.automation.scripts.QuoteIDMatrixRecordNotFound"/>
  <testcase name="QuoteIDMatrixRecordNotFound" time="69.426" classname="com.web.automation.scripts.QuoteIDMatrixRecordNotFound"/>
  <testcase name="QuoteIDMatrixRecordNotFound" time="69.346" classname="com.web.automation.scripts.QuoteIDMatrixRecordNotFound"/>
  <testcase name="QuoteIDMatrixRecordNotFound" time="67.666" classname="com.web.automation.scripts.QuoteIDMatrixRecordNotFound"/>
  <testcase name="QuoteIDMatrixRecordNotFound" time="69.053" classname="com.web.automation.scripts.QuoteIDMatrixRecordNotFound"/>
  <testcase name="QuoteIDMatrixRecordNotFound" time="71.075" classname="com.web.automation.scripts.QuoteIDMatrixRecordNotFound"/>
  <testcase name="QuoteIDMatrixRecordNotFound" time="69.309" classname="com.web.automation.scripts.QuoteIDMatrixRecordNotFound"/>
  <testcase name="QuoteIDMatrixRecordNotFound" time="71.346" classname="com.web.automation.scripts.QuoteIDMatrixRecordNotFound"/>
  <testcase name="QuoteIDMatrixRecordNotFound" time="69.787" classname="com.web.automation.scripts.QuoteIDMatrixRecordNotFound"/>
  <testcase name="QuoteIDMatrixRecordNotFound" time="68.876" classname="com.web.automation.scripts.QuoteIDMatrixRecordNotFound"/>
  <testcase name="QuoteIDMatrixRecordNotFound" time="69.925" classname="com.web.automation.scripts.QuoteIDMatrixRecordNotFound"/>
  <testcase name="QuoteIDMatrixRecordNotFound" time="68.976" classname="com.web.automation.scripts.QuoteIDMatrixRecordNotFound"/>
  <testcase name="QuoteIDMatrixRecordNotFound" time="67.848" classname="com.web.automation.scripts.QuoteIDMatrixRecordNotFound"/>
  <testcase name="QuoteIDMatrixRecordNotFound" time="71.752" classname="com.web.automation.scripts.QuoteIDMatrixRecordNotFound"/>
  <testcase name="QuoteIDMatrixRecordNotFound" time="67.402" classname="com.web.automation.scripts.QuoteIDMatrixRecordNotFound"/>
</testsuite> <!-- com.web.automation.scripts.QuoteIDMatrixRecordNotFound -->
