<?xml version="1.0" encoding="UTF-8"?>
<!-- Generated by org.testng.reporters.JUnitReportReporter -->
<testsuite skipped="0" hostname="HW2247" name="com.mobile.automation.scripts.QuoteThankYou_Android" tests="30" failures="0" timestamp="30 Mar 2018 13:03:41 GMT" time="3210.772" errors="0">
  <testcase name="QuoteThankYou_Android" time="109.486" classname="com.mobile.automation.scripts.QuoteThankYou_Android"/>
  <testcase name="QuoteThankYou_Android" time="112.576" classname="com.mobile.automation.scripts.QuoteThankYou_Android"/>
  <testcase name="QuoteThankYou_Android" time="109.846" classname="com.mobile.automation.scripts.QuoteThankYou_Android"/>
  <testcase name="QuoteThankYou_Android" time="105.025" classname="com.mobile.automation.scripts.QuoteThankYou_Android"/>
  <testcase name="QuoteThankYou_Android" time="104.359" classname="com.mobile.automation.scripts.QuoteThankYou_Android"/>
  <testcase name="QuoteThankYou_Android" time="103.760" classname="com.mobile.automation.scripts.QuoteThankYou_Android"/>
  <testcase name="QuoteThankYou_Android" time="109.666" classname="com.mobile.automation.scripts.QuoteThankYou_Android"/>
  <testcase name="QuoteThankYou_Android" time="102.769" classname="com.mobile.automation.scripts.QuoteThankYou_Android"/>
  <testcase name="QuoteThankYou_Android" time="103.982" classname="com.mobile.automation.scripts.QuoteThankYou_Android"/>
  <testcase name="QuoteThankYou_Android" time="108.198" classname="com.mobile.automation.scripts.QuoteThankYou_Android"/>
  <testcase name="QuoteThankYou_Android" time="104.878" classname="com.mobile.automation.scripts.QuoteThankYou_Android"/>
  <testcase name="QuoteThankYou_Android" time="108.532" classname="com.mobile.automation.scripts.QuoteThankYou_Android"/>
  <testcase name="QuoteThankYou_Android" time="106.398" classname="com.mobile.automation.scripts.QuoteThankYou_Android"/>
  <testcase name="QuoteThankYou_Android" time="103.702" classname="com.mobile.automation.scripts.QuoteThankYou_Android"/>
  <testcase name="QuoteThankYou_Android" time="108.556" classname="com.mobile.automation.scripts.QuoteThankYou_Android"/>
  <testcase name="QuoteThankYou_Android" time="110.817" classname="com.mobile.automation.scripts.QuoteThankYou_Android"/>
  <testcase name="QuoteThankYou_Android" time="103.755" classname="com.mobile.automation.scripts.QuoteThankYou_Android"/>
  <testcase name="QuoteThankYou_Android" time="104.751" classname="com.mobile.automation.scripts.QuoteThankYou_Android"/>
  <testcase name="QuoteThankYou_Android" time="103.612" classname="com.mobile.automation.scripts.QuoteThankYou_Android"/>
  <testcase name="QuoteThankYou_Android" time="105.754" classname="com.mobile.automation.scripts.QuoteThankYou_Android"/>
  <testcase name="QuoteThankYou_Android" time="104.027" classname="com.mobile.automation.scripts.QuoteThankYou_Android"/>
  <testcase name="QuoteThankYou_Android" time="104.403" classname="com.mobile.automation.scripts.QuoteThankYou_Android"/>
  <testcase name="QuoteThankYou_Android" time="112.104" classname="com.mobile.automation.scripts.QuoteThankYou_Android"/>
  <testcase name="QuoteThankYou_Android" time="110.010" classname="com.mobile.automation.scripts.QuoteThankYou_Android"/>
  <testcase name="QuoteThankYou_Android" time="109.649" classname="com.mobile.automation.scripts.QuoteThankYou_Android"/>
  <testcase name="QuoteThankYou_Android" time="109.354" classname="com.mobile.automation.scripts.QuoteThankYou_Android"/>
  <testcase name="QuoteThankYou_Android" time="105.374" classname="com.mobile.automation.scripts.QuoteThankYou_Android"/>
  <testcase name="QuoteThankYou_Android" time="110.876" classname="com.mobile.automation.scripts.QuoteThankYou_Android"/>
  <testcase name="QuoteThankYou_Android" time="110.512" classname="com.mobile.automation.scripts.QuoteThankYou_Android"/>
  <testcase name="QuoteThankYou_Android" time="104.041" classname="com.mobile.automation.scripts.QuoteThankYou_Android"/>
</testsuite> <!-- com.mobile.automation.scripts.QuoteThankYou_Android -->
