<?xml version="1.0" encoding="UTF-8"?>
<!-- Generated by org.testng.reporters.JUnitReportReporter -->
<testsuite skipped="1" hostname="HW1121" name="com.web.poc.script.GS1_HomePage" tests="3" failures="2" timestamp="20 Dec 2017 11:37:57 GMT" time="222.060" errors="0">
  <testcase name="beforeClass" time="193.942" classname="com.web.poc.script.GS1_HomePage">
    <failure type="java.lang.AssertionError" message="Browser Unreachable twice. Exception message: session null does not exist (WARNING: The server did not provide any stacktrace information)
Command duration or timeout: 0 milliseconds
Build info: version: &#039;unknown&#039;, revision: &#039;f233563&#039;, time: &#039;2016-07-28 17:43:42 -0700&#039;
System info: host: &#039;HW1121&#039;, ip: &#039;10.250.84.23&#039;, os.name: &#039;Windows 10&#039;, os.arch: &#039;amd64&#039;, os.version: &#039;10.0&#039;, java.version: &#039;1.8.0_121&#039;
Driver info: org.openqa.selenium.ie.InternetExplorerDriver
Capabilities [{capabilities={proxy={}, acceptInsecureCerts=false, browserVersion=11, se:ieOptions={nativeEvents=true, browserAttachTimeout=0, ie.ensureCleanSession=true, elementScrollBehavior=0, enablePersistentHover=false, ie.browserCommandLineSwitches=, ie.forceCreateProcessApi=false, requireWindowFocus=true, initialBrowserUrl=http://localhost:41933/, ignoreZoomSetting=false, ie.fileUploadDialogTimeout=3000, ignoreProtectedModeSettings=true}, timeouts={implicit=0, pageLoad=300000, script=30000}, browserName=internet explorer, pageLoadStrategy=normal, unhandledPromptBehavior=dismiss, platformName=windows, setWindowRect=true}, sessionId=63448249-43e8-4c7f-b718-312df0c7e6e8, platform=ANY}]
Session ID: null">
      <![CDATA[java.lang.AssertionError: Browser Unreachable twice. Exception message: session null does not exist (WARNING: The server did not provide any stacktrace information)
Command duration or timeout: 0 milliseconds
Build info: version: 'unknown', revision: 'f233563', time: '2016-07-28 17:43:42 -0700'
System info: host: 'HW1121', ip: '10.250.84.23', os.name: 'Windows 10', os.arch: 'amd64', os.version: '10.0', java.version: '1.8.0_121'
Driver info: org.openqa.selenium.ie.InternetExplorerDriver
Capabilities [{capabilities={proxy={}, acceptInsecureCerts=false, browserVersion=11, se:ieOptions={nativeEvents=true, browserAttachTimeout=0, ie.ensureCleanSession=true, elementScrollBehavior=0, enablePersistentHover=false, ie.browserCommandLineSwitches=, ie.forceCreateProcessApi=false, requireWindowFocus=true, initialBrowserUrl=http://localhost:41933/, ignoreZoomSetting=false, ie.fileUploadDialogTimeout=3000, ignoreProtectedModeSettings=true}, timeouts={implicit=0, pageLoad=300000, script=30000}, browserName=internet explorer, pageLoadStrategy=normal, unhandledPromptBehavior=dismiss, platformName=windows, setWindowRect=true}, sessionId=63448249-43e8-4c7f-b718-312df0c7e6e8, platform=ANY}]
Session ID: null
	at org.testng.Assert.fail(Assert.java:93)
	at com.web.automation.accelerators.ActionsLibrary.instantiateDriver(ActionsLibrary.java:1498)
	at com.web.automation.accelerators.ActionsLibrary.instantiateDriver(ActionsLibrary.java:1493)
	at com.web.automation.accelerators.TestEngineWeb.beforeClass(TestEngineWeb.java:867)
	at sun.reflect.NativeMethodAccessorImpl.invoke0(Native Method)
	at sun.reflect.NativeMethodAccessorImpl.invoke(Unknown Source)
	at sun.reflect.DelegatingMethodAccessorImpl.invoke(Unknown Source)
	at java.lang.reflect.Method.invoke(Unknown Source)
	at org.testng.internal.MethodInvocationHelper.invokeMethod(MethodInvocationHelper.java:108)
	at org.testng.internal.Invoker.invokeConfigurationMethod(Invoker.java:523)
	at org.testng.internal.Invoker.invokeConfigurations(Invoker.java:224)
	at org.testng.internal.Invoker.invokeConfigurations(Invoker.java:146)
	at org.testng.internal.TestMethodWorker.invokeBeforeClassMethods(TestMethodWorker.java:165)
	at org.testng.internal.TestMethodWorker.run(TestMethodWorker.java:105)
	at org.testng.TestRunner.privateRun(TestRunner.java:776)
	at org.testng.TestRunner.run(TestRunner.java:634)
	at org.testng.SuiteRunner.runTest(SuiteRunner.java:425)
	at org.testng.SuiteRunner.access$000(SuiteRunner.java:40)
	at org.testng.SuiteRunner$SuiteWorker.run(SuiteRunner.java:459)
	at org.testng.internal.thread.ThreadUtil$1.call(ThreadUtil.java:52)
	at java.util.concurrent.FutureTask.run(Unknown Source)
	at java.util.concurrent.ThreadPoolExecutor.runWorker(Unknown Source)
	at java.util.concurrent.ThreadPoolExecutor$Worker.run(Unknown Source)
	at java.lang.Thread.run(Unknown Source)
]]>
    </failure>
  </testcase> <!-- beforeClass -->
  <testcase name="beforeMethod" time="28.118" classname="com.web.poc.script.GS1_HomePage">
    <failure type="java.lang.AssertionError" message="Browser Unreachable twice. Exception message: session null does not exist (WARNING: The server did not provide any stacktrace information)
Command duration or timeout: 0 milliseconds
Build info: version: &#039;unknown&#039;, revision: &#039;f233563&#039;, time: &#039;2016-07-28 17:43:42 -0700&#039;
System info: host: &#039;HW1121&#039;, ip: &#039;10.250.84.23&#039;, os.name: &#039;Windows 10&#039;, os.arch: &#039;amd64&#039;, os.version: &#039;10.0&#039;, java.version: &#039;1.8.0_121&#039;
Driver info: org.openqa.selenium.ie.InternetExplorerDriver
Capabilities [{capabilities={proxy={}, acceptInsecureCerts=false, browserVersion=11, se:ieOptions={nativeEvents=true, browserAttachTimeout=0, ie.ensureCleanSession=true, elementScrollBehavior=0, enablePersistentHover=false, ie.browserCommandLineSwitches=, ie.forceCreateProcessApi=false, requireWindowFocus=true, initialBrowserUrl=http://localhost:43778/, ignoreZoomSetting=false, ie.fileUploadDialogTimeout=3000, ignoreProtectedModeSettings=true}, timeouts={implicit=0, pageLoad=300000, script=30000}, browserName=internet explorer, pageLoadStrategy=normal, unhandledPromptBehavior=dismiss, platformName=windows, setWindowRect=true}, sessionId=d2d6289f-3009-4959-bd77-829b90297e3e, platform=ANY}]
Session ID: null">
      <![CDATA[java.lang.AssertionError: Browser Unreachable twice. Exception message: session null does not exist (WARNING: The server did not provide any stacktrace information)
Command duration or timeout: 0 milliseconds
Build info: version: 'unknown', revision: 'f233563', time: '2016-07-28 17:43:42 -0700'
System info: host: 'HW1121', ip: '10.250.84.23', os.name: 'Windows 10', os.arch: 'amd64', os.version: '10.0', java.version: '1.8.0_121'
Driver info: org.openqa.selenium.ie.InternetExplorerDriver
Capabilities [{capabilities={proxy={}, acceptInsecureCerts=false, browserVersion=11, se:ieOptions={nativeEvents=true, browserAttachTimeout=0, ie.ensureCleanSession=true, elementScrollBehavior=0, enablePersistentHover=false, ie.browserCommandLineSwitches=, ie.forceCreateProcessApi=false, requireWindowFocus=true, initialBrowserUrl=http://localhost:43778/, ignoreZoomSetting=false, ie.fileUploadDialogTimeout=3000, ignoreProtectedModeSettings=true}, timeouts={implicit=0, pageLoad=300000, script=30000}, browserName=internet explorer, pageLoadStrategy=normal, unhandledPromptBehavior=dismiss, platformName=windows, setWindowRect=true}, sessionId=d2d6289f-3009-4959-bd77-829b90297e3e, platform=ANY}]
Session ID: null
	at org.testng.Assert.fail(Assert.java:93)
	at com.web.automation.accelerators.ActionsLibrary.instantiateDriver(ActionsLibrary.java:1498)
	at com.web.automation.accelerators.TestEngineWeb.beforeMethod(TestEngineWeb.java:972)
	at sun.reflect.NativeMethodAccessorImpl.invoke0(Native Method)
	at sun.reflect.NativeMethodAccessorImpl.invoke(Unknown Source)
	at sun.reflect.DelegatingMethodAccessorImpl.invoke(Unknown Source)
	at java.lang.reflect.Method.invoke(Unknown Source)
	at org.testng.internal.MethodInvocationHelper.invokeMethod(MethodInvocationHelper.java:108)
	at org.testng.internal.Invoker.invokeConfigurationMethod(Invoker.java:523)
	at org.testng.internal.Invoker.invokeConfigurations(Invoker.java:224)
	at org.testng.internal.Invoker.invokeMethod(Invoker.java:599)
	at org.testng.internal.Invoker.invokeTestMethod(Invoker.java:877)
	at org.testng.internal.Invoker.invokeTestMethods(Invoker.java:1201)
	at org.testng.internal.TestMethodWorker.invokeTestMethods(TestMethodWorker.java:125)
	at org.testng.internal.TestMethodWorker.run(TestMethodWorker.java:109)
	at org.testng.TestRunner.privateRun(TestRunner.java:776)
	at org.testng.TestRunner.run(TestRunner.java:634)
	at org.testng.SuiteRunner.runTest(SuiteRunner.java:425)
	at org.testng.SuiteRunner.access$000(SuiteRunner.java:40)
	at org.testng.SuiteRunner$SuiteWorker.run(SuiteRunner.java:459)
	at org.testng.internal.thread.ThreadUtil$1.call(ThreadUtil.java:52)
	at java.util.concurrent.FutureTask.run(Unknown Source)
	at java.util.concurrent.ThreadPoolExecutor.runWorker(Unknown Source)
	at java.util.concurrent.ThreadPoolExecutor$Worker.run(Unknown Source)
	at java.lang.Thread.run(Unknown Source)
]]>
    </failure>
  </testcase> <!-- beforeMethod -->
  <testcase name="GS1_HomePage" time="0.000" classname="com.web.poc.script.GS1_HomePage">
    <skipped/>
  </testcase> <!-- GS1_HomePage -->
</testsuite> <!-- com.web.poc.script.GS1_HomePage -->
