<?xml version="1.0" encoding="UTF-8"?>
<!-- Generated by org.testng.reporters.JUnitReportReporter -->
<testsuite skipped="0" hostname="HW2247" name="com.web.poc.script.GS1_Login" tests="3" failures="0" timestamp="20 Mar 2018 11:29:58 GMT" time="163.695" errors="0">
  <testcase name="GS1_Login" time="56.577" classname="com.web.poc.script.GS1_Login"/>
  <testcase name="GS1_Login" time="57.741" classname="com.web.poc.script.GS1_Login"/>
  <testcase name="GS1_Login" time="49.377" classname="com.web.poc.script.GS1_Login"/>
</testsuite> <!-- com.web.poc.script.GS1_Login -->
