<?xml version="1.0" encoding="UTF-8"?>
<!-- Generated by org.testng.reporters.JUnitReportReporter -->
<testsuite skipped="0" hostname="HW2247" name="com.web.automation.scripts.QuoteReferHomeBuyer" tests="30" failures="0" timestamp="28 Mar 2018 22:12:03 GMT" time="3673.524" errors="0">
  <testcase name="QuoteReferHomeBuyer" time="71.711" classname="com.web.automation.scripts.QuoteReferHomeBuyer"/>
  <testcase name="QuoteReferHomeBuyer" time="73.342" classname="com.web.automation.scripts.QuoteReferHomeBuyer"/>
  <testcase name="QuoteReferHomeBuyer" time="71.559" classname="com.web.automation.scripts.QuoteReferHomeBuyer"/>
  <testcase name="QuoteReferHomeBuyer" time="69.174" classname="com.web.automation.scripts.QuoteReferHomeBuyer"/>
  <testcase name="QuoteReferHomeBuyer" time="69.596" classname="com.web.automation.scripts.QuoteReferHomeBuyer"/>
  <testcase name="QuoteReferHomeBuyer" time="70.421" classname="com.web.automation.scripts.QuoteReferHomeBuyer"/>
  <testcase name="QuoteReferHomeBuyer" time="70.027" classname="com.web.automation.scripts.QuoteReferHomeBuyer"/>
  <testcase name="QuoteReferHomeBuyer" time="67.692" classname="com.web.automation.scripts.QuoteReferHomeBuyer"/>
  <testcase name="QuoteReferHomeBuyer" time="69.582" classname="com.web.automation.scripts.QuoteReferHomeBuyer"/>
  <testcase name="QuoteReferHomeBuyer" time="71.155" classname="com.web.automation.scripts.QuoteReferHomeBuyer"/>
  <testcase name="QuoteReferHomeBuyer" time="69.326" classname="com.web.automation.scripts.QuoteReferHomeBuyer"/>
  <testcase name="QuoteReferHomeBuyer" time="69.477" classname="com.web.automation.scripts.QuoteReferHomeBuyer"/>
  <testcase name="QuoteReferHomeBuyer" time="69.264" classname="com.web.automation.scripts.QuoteReferHomeBuyer"/>
  <testcase name="QuoteReferHomeBuyer" time="71.728" classname="com.web.automation.scripts.QuoteReferHomeBuyer"/>
  <testcase name="QuoteReferHomeBuyer" time="69.084" classname="com.web.automation.scripts.QuoteReferHomeBuyer"/>
  <testcase name="QuoteReferHomeBuyer" time="69.082" classname="com.web.automation.scripts.QuoteReferHomeBuyer"/>
  <testcase name="QuoteReferHomeBuyer" time="69.707" classname="com.web.automation.scripts.QuoteReferHomeBuyer"/>
  <testcase name="QuoteReferHomeBuyer" time="69.759" classname="com.web.automation.scripts.QuoteReferHomeBuyer"/>
  <testcase name="QuoteReferHomeBuyer" time="526.725" classname="com.web.automation.scripts.QuoteReferHomeBuyer"/>
  <testcase name="QuoteReferHomeBuyer" time="71.356" classname="com.web.automation.scripts.QuoteReferHomeBuyer"/>
  <testcase name="QuoteReferHomeBuyer" time="68.450" classname="com.web.automation.scripts.QuoteReferHomeBuyer"/>
  <testcase name="QuoteReferHomeBuyer" time="72.393" classname="com.web.automation.scripts.QuoteReferHomeBuyer"/>
  <testcase name="QuoteReferHomeBuyer" time="71.492" classname="com.web.automation.scripts.QuoteReferHomeBuyer"/>
  <testcase name="QuoteReferHomeBuyer" time="529.307" classname="com.web.automation.scripts.QuoteReferHomeBuyer"/>
  <testcase name="QuoteReferHomeBuyer" time="71.257" classname="com.web.automation.scripts.QuoteReferHomeBuyer"/>
  <testcase name="QuoteReferHomeBuyer" time="67.706" classname="com.web.automation.scripts.QuoteReferHomeBuyer"/>
  <testcase name="QuoteReferHomeBuyer" time="69.571" classname="com.web.automation.scripts.QuoteReferHomeBuyer"/>
  <testcase name="QuoteReferHomeBuyer" time="71.431" classname="com.web.automation.scripts.QuoteReferHomeBuyer"/>
  <testcase name="QuoteReferHomeBuyer" time="723.212" classname="com.web.automation.scripts.QuoteReferHomeBuyer"/>
  <testcase name="QuoteReferHomeBuyer" time="68.938" classname="com.web.automation.scripts.QuoteReferHomeBuyer"/>
</testsuite> <!-- com.web.automation.scripts.QuoteReferHomeBuyer -->
