<?xml version="1.0" encoding="UTF-8"?>
<!-- Generated by org.testng.reporters.JUnitReportReporter -->
<testsuite skipped="0" hostname="HW2247" name="com.mobile.automation.scripts.QuoteReferBizCover_Android" tests="30" failures="0" timestamp="30 Mar 2018 13:03:41 GMT" time="3215.229" errors="0">
  <testcase name="QuoteReferBizCover_Android" time="111.682" classname="com.mobile.automation.scripts.QuoteReferBizCover_Android"/>
  <testcase name="QuoteReferBizCover_Android" time="97.791" classname="com.mobile.automation.scripts.QuoteReferBizCover_Android"/>
  <testcase name="QuoteReferBizCover_Android" time="105.149" classname="com.mobile.automation.scripts.QuoteReferBizCover_Android"/>
  <testcase name="QuoteReferBizCover_Android" time="110.770" classname="com.mobile.automation.scripts.QuoteReferBizCover_Android"/>
  <testcase name="QuoteReferBizCover_Android" time="104.561" classname="com.mobile.automation.scripts.QuoteReferBizCover_Android"/>
  <testcase name="QuoteReferBizCover_Android" time="98.927" classname="com.mobile.automation.scripts.QuoteReferBizCover_Android"/>
  <testcase name="QuoteReferBizCover_Android" time="104.955" classname="com.mobile.automation.scripts.QuoteReferBizCover_Android"/>
  <testcase name="QuoteReferBizCover_Android" time="111.113" classname="com.mobile.automation.scripts.QuoteReferBizCover_Android"/>
  <testcase name="QuoteReferBizCover_Android" time="108.709" classname="com.mobile.automation.scripts.QuoteReferBizCover_Android"/>
  <testcase name="QuoteReferBizCover_Android" time="108.277" classname="com.mobile.automation.scripts.QuoteReferBizCover_Android"/>
  <testcase name="QuoteReferBizCover_Android" time="105.707" classname="com.mobile.automation.scripts.QuoteReferBizCover_Android"/>
  <testcase name="QuoteReferBizCover_Android" time="112.989" classname="com.mobile.automation.scripts.QuoteReferBizCover_Android"/>
  <testcase name="QuoteReferBizCover_Android" time="106.133" classname="com.mobile.automation.scripts.QuoteReferBizCover_Android"/>
  <testcase name="QuoteReferBizCover_Android" time="103.539" classname="com.mobile.automation.scripts.QuoteReferBizCover_Android"/>
  <testcase name="QuoteReferBizCover_Android" time="104.011" classname="com.mobile.automation.scripts.QuoteReferBizCover_Android"/>
  <testcase name="QuoteReferBizCover_Android" time="105.085" classname="com.mobile.automation.scripts.QuoteReferBizCover_Android"/>
  <testcase name="QuoteReferBizCover_Android" time="107.001" classname="com.mobile.automation.scripts.QuoteReferBizCover_Android"/>
  <testcase name="QuoteReferBizCover_Android" time="111.734" classname="com.mobile.automation.scripts.QuoteReferBizCover_Android"/>
  <testcase name="QuoteReferBizCover_Android" time="106.766" classname="com.mobile.automation.scripts.QuoteReferBizCover_Android"/>
  <testcase name="QuoteReferBizCover_Android" time="105.838" classname="com.mobile.automation.scripts.QuoteReferBizCover_Android"/>
  <testcase name="QuoteReferBizCover_Android" time="109.571" classname="com.mobile.automation.scripts.QuoteReferBizCover_Android"/>
  <testcase name="QuoteReferBizCover_Android" time="110.690" classname="com.mobile.automation.scripts.QuoteReferBizCover_Android"/>
  <testcase name="QuoteReferBizCover_Android" time="110.941" classname="com.mobile.automation.scripts.QuoteReferBizCover_Android"/>
  <testcase name="QuoteReferBizCover_Android" time="113.469" classname="com.mobile.automation.scripts.QuoteReferBizCover_Android"/>
  <testcase name="QuoteReferBizCover_Android" time="102.484" classname="com.mobile.automation.scripts.QuoteReferBizCover_Android"/>
  <testcase name="QuoteReferBizCover_Android" time="109.698" classname="com.mobile.automation.scripts.QuoteReferBizCover_Android"/>
  <testcase name="QuoteReferBizCover_Android" time="103.919" classname="com.mobile.automation.scripts.QuoteReferBizCover_Android"/>
  <testcase name="QuoteReferBizCover_Android" time="109.944" classname="com.mobile.automation.scripts.QuoteReferBizCover_Android"/>
  <testcase name="QuoteReferBizCover_Android" time="103.906" classname="com.mobile.automation.scripts.QuoteReferBizCover_Android"/>
  <testcase name="QuoteReferBizCover_Android" time="109.870" classname="com.mobile.automation.scripts.QuoteReferBizCover_Android"/>
</testsuite> <!-- com.mobile.automation.scripts.QuoteReferBizCover_Android -->
