<?xml version="1.0" encoding="UTF-8"?>
<!-- Generated by org.testng.reporters.JUnitReportReporter -->
<testsuite skipped="0" hostname="HW2247" name="com.mobile.automation.scripts.QuoteIDMatrixRecordNotFound_Android" tests="30" failures="0" timestamp="30 Mar 2018 13:03:41 GMT" time="3252.053" errors="0">
  <testcase name="QuoteIDMatrixRecordNotFound_Android" time="105.689" classname="com.mobile.automation.scripts.QuoteIDMatrixRecordNotFound_Android"/>
  <testcase name="QuoteIDMatrixRecordNotFound_Android" time="108.597" classname="com.mobile.automation.scripts.QuoteIDMatrixRecordNotFound_Android"/>
  <testcase name="QuoteIDMatrixRecordNotFound_Android" time="105.131" classname="com.mobile.automation.scripts.QuoteIDMatrixRecordNotFound_Android"/>
  <testcase name="QuoteIDMatrixRecordNotFound_Android" time="99.128" classname="com.mobile.automation.scripts.QuoteIDMatrixRecordNotFound_Android"/>
  <testcase name="QuoteIDMatrixRecordNotFound_Android" time="104.589" classname="com.mobile.automation.scripts.QuoteIDMatrixRecordNotFound_Android"/>
  <testcase name="QuoteIDMatrixRecordNotFound_Android" time="105.053" classname="com.mobile.automation.scripts.QuoteIDMatrixRecordNotFound_Android"/>
  <testcase name="QuoteIDMatrixRecordNotFound_Android" time="104.752" classname="com.mobile.automation.scripts.QuoteIDMatrixRecordNotFound_Android"/>
  <testcase name="QuoteIDMatrixRecordNotFound_Android" time="104.010" classname="com.mobile.automation.scripts.QuoteIDMatrixRecordNotFound_Android"/>
  <testcase name="QuoteIDMatrixRecordNotFound_Android" time="110.343" classname="com.mobile.automation.scripts.QuoteIDMatrixRecordNotFound_Android"/>
  <testcase name="QuoteIDMatrixRecordNotFound_Android" time="105.612" classname="com.mobile.automation.scripts.QuoteIDMatrixRecordNotFound_Android"/>
  <testcase name="QuoteIDMatrixRecordNotFound_Android" time="105.187" classname="com.mobile.automation.scripts.QuoteIDMatrixRecordNotFound_Android"/>
  <testcase name="QuoteIDMatrixRecordNotFound_Android" time="111.606" classname="com.mobile.automation.scripts.QuoteIDMatrixRecordNotFound_Android"/>
  <testcase name="QuoteIDMatrixRecordNotFound_Android" time="114.037" classname="com.mobile.automation.scripts.QuoteIDMatrixRecordNotFound_Android"/>
  <testcase name="QuoteIDMatrixRecordNotFound_Android" time="105.686" classname="com.mobile.automation.scripts.QuoteIDMatrixRecordNotFound_Android"/>
  <testcase name="QuoteIDMatrixRecordNotFound_Android" time="102.595" classname="com.mobile.automation.scripts.QuoteIDMatrixRecordNotFound_Android"/>
  <testcase name="QuoteIDMatrixRecordNotFound_Android" time="102.933" classname="com.mobile.automation.scripts.QuoteIDMatrixRecordNotFound_Android"/>
  <testcase name="QuoteIDMatrixRecordNotFound_Android" time="109.231" classname="com.mobile.automation.scripts.QuoteIDMatrixRecordNotFound_Android"/>
  <testcase name="QuoteIDMatrixRecordNotFound_Android" time="109.744" classname="com.mobile.automation.scripts.QuoteIDMatrixRecordNotFound_Android"/>
  <testcase name="QuoteIDMatrixRecordNotFound_Android" time="113.251" classname="com.mobile.automation.scripts.QuoteIDMatrixRecordNotFound_Android"/>
  <testcase name="QuoteIDMatrixRecordNotFound_Android" time="110.198" classname="com.mobile.automation.scripts.QuoteIDMatrixRecordNotFound_Android"/>
  <testcase name="QuoteIDMatrixRecordNotFound_Android" time="108.070" classname="com.mobile.automation.scripts.QuoteIDMatrixRecordNotFound_Android"/>
  <testcase name="QuoteIDMatrixRecordNotFound_Android" time="113.081" classname="com.mobile.automation.scripts.QuoteIDMatrixRecordNotFound_Android"/>
  <testcase name="QuoteIDMatrixRecordNotFound_Android" time="109.308" classname="com.mobile.automation.scripts.QuoteIDMatrixRecordNotFound_Android"/>
  <testcase name="QuoteIDMatrixRecordNotFound_Android" time="116.678" classname="com.mobile.automation.scripts.QuoteIDMatrixRecordNotFound_Android"/>
  <testcase name="QuoteIDMatrixRecordNotFound_Android" time="105.802" classname="com.mobile.automation.scripts.QuoteIDMatrixRecordNotFound_Android"/>
  <testcase name="QuoteIDMatrixRecordNotFound_Android" time="111.822" classname="com.mobile.automation.scripts.QuoteIDMatrixRecordNotFound_Android"/>
  <testcase name="QuoteIDMatrixRecordNotFound_Android" time="112.987" classname="com.mobile.automation.scripts.QuoteIDMatrixRecordNotFound_Android"/>
  <testcase name="QuoteIDMatrixRecordNotFound_Android" time="111.257" classname="com.mobile.automation.scripts.QuoteIDMatrixRecordNotFound_Android"/>
  <testcase name="QuoteIDMatrixRecordNotFound_Android" time="113.297" classname="com.mobile.automation.scripts.QuoteIDMatrixRecordNotFound_Android"/>
  <testcase name="QuoteIDMatrixRecordNotFound_Android" time="112.379" classname="com.mobile.automation.scripts.QuoteIDMatrixRecordNotFound_Android"/>
</testsuite> <!-- com.mobile.automation.scripts.QuoteIDMatrixRecordNotFound_Android -->
