<?xml version="1.0" encoding="UTF-8"?>
<!-- Generated by org.testng.reporters.JUnitReportReporter -->
<testsuite skipped="0" hostname="HW2247" name="com.web.automation.scripts.QuoteThankYou" tests="30" failures="0" timestamp="28 Mar 2018 22:12:03 GMT" time="2092.732" errors="0">
  <testcase name="QuoteThankYou" time="71.337" classname="com.web.automation.scripts.QuoteThankYou"/>
  <testcase name="QuoteThankYou" time="67.052" classname="com.web.automation.scripts.QuoteThankYou"/>
  <testcase name="QuoteThankYou" time="70.912" classname="com.web.automation.scripts.QuoteThankYou"/>
  <testcase name="QuoteThankYou" time="69.224" classname="com.web.automation.scripts.QuoteThankYou"/>
  <testcase name="QuoteThankYou" time="68.986" classname="com.web.automation.scripts.QuoteThankYou"/>
  <testcase name="QuoteThankYou" time="71.371" classname="com.web.automation.scripts.QuoteThankYou"/>
  <testcase name="QuoteThankYou" time="71.188" classname="com.web.automation.scripts.QuoteThankYou"/>
  <testcase name="QuoteThankYou" time="69.322" classname="com.web.automation.scripts.QuoteThankYou"/>
  <testcase name="QuoteThankYou" time="69.053" classname="com.web.automation.scripts.QuoteThankYou"/>
  <testcase name="QuoteThankYou" time="69.343" classname="com.web.automation.scripts.QuoteThankYou"/>
  <testcase name="QuoteThankYou" time="68.938" classname="com.web.automation.scripts.QuoteThankYou"/>
  <testcase name="QuoteThankYou" time="69.202" classname="com.web.automation.scripts.QuoteThankYou"/>
  <testcase name="QuoteThankYou" time="68.948" classname="com.web.automation.scripts.QuoteThankYou"/>
  <testcase name="QuoteThankYou" time="70.719" classname="com.web.automation.scripts.QuoteThankYou"/>
  <testcase name="QuoteThankYou" time="70.497" classname="com.web.automation.scripts.QuoteThankYou"/>
  <testcase name="QuoteThankYou" time="69.216" classname="com.web.automation.scripts.QuoteThankYou"/>
  <testcase name="QuoteThankYou" time="69.379" classname="com.web.automation.scripts.QuoteThankYou"/>
  <testcase name="QuoteThankYou" time="68.735" classname="com.web.automation.scripts.QuoteThankYou"/>
  <testcase name="QuoteThankYou" time="67.916" classname="com.web.automation.scripts.QuoteThankYou"/>
  <testcase name="QuoteThankYou" time="67.364" classname="com.web.automation.scripts.QuoteThankYou"/>
  <testcase name="QuoteThankYou" time="67.127" classname="com.web.automation.scripts.QuoteThankYou"/>
  <testcase name="QuoteThankYou" time="70.773" classname="com.web.automation.scripts.QuoteThankYou"/>
  <testcase name="QuoteThankYou" time="70.924" classname="com.web.automation.scripts.QuoteThankYou"/>
  <testcase name="QuoteThankYou" time="70.153" classname="com.web.automation.scripts.QuoteThankYou"/>
  <testcase name="QuoteThankYou" time="71.364" classname="com.web.automation.scripts.QuoteThankYou"/>
  <testcase name="QuoteThankYou" time="68.833" classname="com.web.automation.scripts.QuoteThankYou"/>
  <testcase name="QuoteThankYou" time="71.520" classname="com.web.automation.scripts.QuoteThankYou"/>
  <testcase name="QuoteThankYou" time="71.551" classname="com.web.automation.scripts.QuoteThankYou"/>
  <testcase name="QuoteThankYou" time="72.646" classname="com.web.automation.scripts.QuoteThankYou"/>
  <testcase name="QuoteThankYou" time="69.139" classname="com.web.automation.scripts.QuoteThankYou"/>
</testsuite> <!-- com.web.automation.scripts.QuoteThankYou -->
