<?xml version="1.0" encoding="UTF-8"?>
<!-- Generated by org.testng.reporters.JUnitReportReporter -->
<testsuite skipped="0" hostname="CIGAULP-1316" name="com.web.automation.scripts.CreateJournal" tests="1" failures="0" timestamp="23 Apr 2018 07:06:28 GMT" time="26.912" errors="0">
  <testcase name="QuoteAccept" time="26.912" classname="com.web.automation.scripts.CreateJournal"/>
</testsuite> <!-- com.web.automation.scripts.CreateJournal -->
