<?xml version="1.0" encoding="UTF-8"?>
<!-- Generated by org.testng.reporters.JUnitReportReporter -->
<testsuite skipped="0" hostname="HW2247" name="com.web.automation.scripts.QuoteErrorResult" tests="1" failures="0" timestamp="21 Mar 2018 11:32:18 GMT" time="58.550" errors="0">
  <testcase name="QuoteErrorResult" time="58.550" classname="com.web.automation.scripts.QuoteErrorResult"/>
</testsuite> <!-- com.web.automation.scripts.QuoteErrorResult -->
