<?xml version="1.0" encoding="UTF-8"?>
<!-- Generated by org.testng.reporters.JUnitReportReporter -->
<testsuite skipped="0" hostname="HW2247" name="com.mobile.automation.scripts.QuoteReferFSA_Android" tests="30" failures="0" timestamp="30 Mar 2018 13:03:41 GMT" time="3235.104" errors="0">
  <testcase name="QuoteReferFSA_Android" time="109.711" classname="com.mobile.automation.scripts.QuoteReferFSA_Android"/>
  <testcase name="QuoteReferFSA_Android" time="110.772" classname="com.mobile.automation.scripts.QuoteReferFSA_Android"/>
  <testcase name="QuoteReferFSA_Android" time="111.570" classname="com.mobile.automation.scripts.QuoteReferFSA_Android"/>
  <testcase name="QuoteReferFSA_Android" time="106.349" classname="com.mobile.automation.scripts.QuoteReferFSA_Android"/>
  <testcase name="QuoteReferFSA_Android" time="105.548" classname="com.mobile.automation.scripts.QuoteReferFSA_Android"/>
  <testcase name="QuoteReferFSA_Android" time="105.848" classname="com.mobile.automation.scripts.QuoteReferFSA_Android"/>
  <testcase name="QuoteReferFSA_Android" time="111.950" classname="com.mobile.automation.scripts.QuoteReferFSA_Android"/>
  <testcase name="QuoteReferFSA_Android" time="108.381" classname="com.mobile.automation.scripts.QuoteReferFSA_Android"/>
  <testcase name="QuoteReferFSA_Android" time="105.684" classname="com.mobile.automation.scripts.QuoteReferFSA_Android"/>
  <testcase name="QuoteReferFSA_Android" time="108.602" classname="com.mobile.automation.scripts.QuoteReferFSA_Android"/>
  <testcase name="QuoteReferFSA_Android" time="111.508" classname="com.mobile.automation.scripts.QuoteReferFSA_Android"/>
  <testcase name="QuoteReferFSA_Android" time="107.108" classname="com.mobile.automation.scripts.QuoteReferFSA_Android"/>
  <testcase name="QuoteReferFSA_Android" time="105.744" classname="com.mobile.automation.scripts.QuoteReferFSA_Android"/>
  <testcase name="QuoteReferFSA_Android" time="114.862" classname="com.mobile.automation.scripts.QuoteReferFSA_Android"/>
  <testcase name="QuoteReferFSA_Android" time="103.786" classname="com.mobile.automation.scripts.QuoteReferFSA_Android"/>
  <testcase name="QuoteReferFSA_Android" time="100.223" classname="com.mobile.automation.scripts.QuoteReferFSA_Android"/>
  <testcase name="QuoteReferFSA_Android" time="105.766" classname="com.mobile.automation.scripts.QuoteReferFSA_Android"/>
  <testcase name="QuoteReferFSA_Android" time="105.926" classname="com.mobile.automation.scripts.QuoteReferFSA_Android"/>
  <testcase name="QuoteReferFSA_Android" time="105.740" classname="com.mobile.automation.scripts.QuoteReferFSA_Android"/>
  <testcase name="QuoteReferFSA_Android" time="110.586" classname="com.mobile.automation.scripts.QuoteReferFSA_Android"/>
  <testcase name="QuoteReferFSA_Android" time="104.122" classname="com.mobile.automation.scripts.QuoteReferFSA_Android"/>
  <testcase name="QuoteReferFSA_Android" time="111.121" classname="com.mobile.automation.scripts.QuoteReferFSA_Android"/>
  <testcase name="QuoteReferFSA_Android" time="111.032" classname="com.mobile.automation.scripts.QuoteReferFSA_Android"/>
  <testcase name="QuoteReferFSA_Android" time="112.243" classname="com.mobile.automation.scripts.QuoteReferFSA_Android"/>
  <testcase name="QuoteReferFSA_Android" time="116.522" classname="com.mobile.automation.scripts.QuoteReferFSA_Android"/>
  <testcase name="QuoteReferFSA_Android" time="104.765" classname="com.mobile.automation.scripts.QuoteReferFSA_Android"/>
  <testcase name="QuoteReferFSA_Android" time="111.957" classname="com.mobile.automation.scripts.QuoteReferFSA_Android"/>
  <testcase name="QuoteReferFSA_Android" time="105.512" classname="com.mobile.automation.scripts.QuoteReferFSA_Android"/>
  <testcase name="QuoteReferFSA_Android" time="104.376" classname="com.mobile.automation.scripts.QuoteReferFSA_Android"/>
  <testcase name="QuoteReferFSA_Android" time="97.790" classname="com.mobile.automation.scripts.QuoteReferFSA_Android"/>
</testsuite> <!-- com.mobile.automation.scripts.QuoteReferFSA_Android -->
