<?xml version="1.0" encoding="UTF-8"?>
<!-- Generated by org.testng.reporters.JUnitReportReporter -->
<testsuite skipped="0" hostname="HW2247" name="com.mobile.automation.scripts.QuoteError_Mobile" tests="1" failures="0" timestamp="23 Mar 2018 09:03:00 GMT" time="42.256" errors="0">
  <testcase name="QuoteErrorResult" time="42.256" classname="com.mobile.automation.scripts.QuoteError_Mobile"/>
</testsuite> <!-- com.mobile.automation.scripts.QuoteError_Mobile -->
