<?xml version="1.0" encoding="UTF-8"?>
<!-- Generated by org.testng.reporters.JUnitReportReporter -->
<testsuite skipped="0" hostname="HW2247" name="com.web.automation.scripts.QuoteReferFSA" tests="30" failures="0" timestamp="28 Mar 2018 22:12:03 GMT" time="2426.177" errors="0">
  <testcase name="QuoteReferFSA" time="69.732" classname="com.web.automation.scripts.QuoteReferFSA"/>
  <testcase name="QuoteReferFSA" time="69.639" classname="com.web.automation.scripts.QuoteReferFSA"/>
  <testcase name="QuoteReferFSA" time="69.362" classname="com.web.automation.scripts.QuoteReferFSA"/>
  <testcase name="QuoteReferFSA" time="71.402" classname="com.web.automation.scripts.QuoteReferFSA"/>
  <testcase name="QuoteReferFSA" time="69.508" classname="com.web.automation.scripts.QuoteReferFSA"/>
  <testcase name="QuoteReferFSA" time="67.609" classname="com.web.automation.scripts.QuoteReferFSA"/>
  <testcase name="QuoteReferFSA" time="70.083" classname="com.web.automation.scripts.QuoteReferFSA"/>
  <testcase name="QuoteReferFSA" time="399.135" classname="com.web.automation.scripts.QuoteReferFSA"/>
  <testcase name="QuoteReferFSA" time="69.802" classname="com.web.automation.scripts.QuoteReferFSA"/>
  <testcase name="QuoteReferFSA" time="71.653" classname="com.web.automation.scripts.QuoteReferFSA"/>
  <testcase name="QuoteReferFSA" time="71.126" classname="com.web.automation.scripts.QuoteReferFSA"/>
  <testcase name="QuoteReferFSA" time="71.119" classname="com.web.automation.scripts.QuoteReferFSA"/>
  <testcase name="QuoteReferFSA" time="69.106" classname="com.web.automation.scripts.QuoteReferFSA"/>
  <testcase name="QuoteReferFSA" time="71.468" classname="com.web.automation.scripts.QuoteReferFSA"/>
  <testcase name="QuoteReferFSA" time="71.671" classname="com.web.automation.scripts.QuoteReferFSA"/>
  <testcase name="QuoteReferFSA" time="67.500" classname="com.web.automation.scripts.QuoteReferFSA"/>
  <testcase name="QuoteReferFSA" time="70.385" classname="com.web.automation.scripts.QuoteReferFSA"/>
  <testcase name="QuoteReferFSA" time="69.233" classname="com.web.automation.scripts.QuoteReferFSA"/>
  <testcase name="QuoteReferFSA" time="69.062" classname="com.web.automation.scripts.QuoteReferFSA"/>
  <testcase name="QuoteReferFSA" time="67.587" classname="com.web.automation.scripts.QuoteReferFSA"/>
  <testcase name="QuoteReferFSA" time="69.110" classname="com.web.automation.scripts.QuoteReferFSA"/>
  <testcase name="QuoteReferFSA" time="71.706" classname="com.web.automation.scripts.QuoteReferFSA"/>
  <testcase name="QuoteReferFSA" time="71.977" classname="com.web.automation.scripts.QuoteReferFSA"/>
  <testcase name="QuoteReferFSA" time="71.445" classname="com.web.automation.scripts.QuoteReferFSA"/>
  <testcase name="QuoteReferFSA" time="69.257" classname="com.web.automation.scripts.QuoteReferFSA"/>
  <testcase name="QuoteReferFSA" time="71.684" classname="com.web.automation.scripts.QuoteReferFSA"/>
  <testcase name="QuoteReferFSA" time="69.042" classname="com.web.automation.scripts.QuoteReferFSA"/>
  <testcase name="QuoteReferFSA" time="67.211" classname="com.web.automation.scripts.QuoteReferFSA"/>
  <testcase name="QuoteReferFSA" time="69.056" classname="com.web.automation.scripts.QuoteReferFSA"/>
  <testcase name="QuoteReferFSA" time="69.507" classname="com.web.automation.scripts.QuoteReferFSA"/>
</testsuite> <!-- com.web.automation.scripts.QuoteReferFSA -->
