<?xml version="1.0" encoding="UTF-8"?>
<!-- Generated by org.testng.reporters.JUnitReportReporter -->
<testsuite skipped="0" hostname="HW2247" name="com.mobile.automation.scripts.QuoteAccept_Android" tests="30" failures="0" timestamp="30 Mar 2018 13:03:41 GMT" time="3267.777" errors="0">
  <testcase name="QuoteAccept_Android" time="105.909" classname="com.mobile.automation.scripts.QuoteAccept_Android"/>
  <testcase name="QuoteAccept_Android" time="114.497" classname="com.mobile.automation.scripts.QuoteAccept_Android"/>
  <testcase name="QuoteAccept_Android" time="111.429" classname="com.mobile.automation.scripts.QuoteAccept_Android"/>
  <testcase name="QuoteAccept_Android" time="101.507" classname="com.mobile.automation.scripts.QuoteAccept_Android"/>
  <testcase name="QuoteAccept_Android" time="101.696" classname="com.mobile.automation.scripts.QuoteAccept_Android"/>
  <testcase name="QuoteAccept_Android" time="113.871" classname="com.mobile.automation.scripts.QuoteAccept_Android"/>
  <testcase name="QuoteAccept_Android" time="104.665" classname="com.mobile.automation.scripts.QuoteAccept_Android"/>
  <testcase name="QuoteAccept_Android" time="105.255" classname="com.mobile.automation.scripts.QuoteAccept_Android"/>
  <testcase name="QuoteAccept_Android" time="111.747" classname="com.mobile.automation.scripts.QuoteAccept_Android"/>
  <testcase name="QuoteAccept_Android" time="103.662" classname="com.mobile.automation.scripts.QuoteAccept_Android"/>
  <testcase name="QuoteAccept_Android" time="111.117" classname="com.mobile.automation.scripts.QuoteAccept_Android"/>
  <testcase name="QuoteAccept_Android" time="113.258" classname="com.mobile.automation.scripts.QuoteAccept_Android"/>
  <testcase name="QuoteAccept_Android" time="108.239" classname="com.mobile.automation.scripts.QuoteAccept_Android"/>
  <testcase name="QuoteAccept_Android" time="110.090" classname="com.mobile.automation.scripts.QuoteAccept_Android"/>
  <testcase name="QuoteAccept_Android" time="105.038" classname="com.mobile.automation.scripts.QuoteAccept_Android"/>
  <testcase name="QuoteAccept_Android" time="105.855" classname="com.mobile.automation.scripts.QuoteAccept_Android"/>
  <testcase name="QuoteAccept_Android" time="106.794" classname="com.mobile.automation.scripts.QuoteAccept_Android"/>
  <testcase name="QuoteAccept_Android" time="110.110" classname="com.mobile.automation.scripts.QuoteAccept_Android"/>
  <testcase name="QuoteAccept_Android" time="114.431" classname="com.mobile.automation.scripts.QuoteAccept_Android"/>
  <testcase name="QuoteAccept_Android" time="106.449" classname="com.mobile.automation.scripts.QuoteAccept_Android"/>
  <testcase name="QuoteAccept_Android" time="105.870" classname="com.mobile.automation.scripts.QuoteAccept_Android"/>
  <testcase name="QuoteAccept_Android" time="119.003" classname="com.mobile.automation.scripts.QuoteAccept_Android"/>
  <testcase name="QuoteAccept_Android" time="112.048" classname="com.mobile.automation.scripts.QuoteAccept_Android"/>
  <testcase name="QuoteAccept_Android" time="112.916" classname="com.mobile.automation.scripts.QuoteAccept_Android"/>
  <testcase name="QuoteAccept_Android" time="111.552" classname="com.mobile.automation.scripts.QuoteAccept_Android"/>
  <testcase name="QuoteAccept_Android" time="105.278" classname="com.mobile.automation.scripts.QuoteAccept_Android"/>
  <testcase name="QuoteAccept_Android" time="105.139" classname="com.mobile.automation.scripts.QuoteAccept_Android"/>
  <testcase name="QuoteAccept_Android" time="112.342" classname="com.mobile.automation.scripts.QuoteAccept_Android"/>
  <testcase name="QuoteAccept_Android" time="106.491" classname="com.mobile.automation.scripts.QuoteAccept_Android"/>
  <testcase name="QuoteAccept_Android" time="111.519" classname="com.mobile.automation.scripts.QuoteAccept_Android"/>
</testsuite> <!-- com.mobile.automation.scripts.QuoteAccept_Android -->
