<?xml version="1.0" encoding="UTF-8"?>
<!-- Generated by org.testng.reporters.JUnitReportReporter -->
<testsuite skipped="0" hostname="HW2247" name="com.mobile.automation.scripts.QuoteVedaRecordNotFound_Android" tests="30" failures="0" timestamp="30 Mar 2018 13:03:41 GMT" time="3246.166" errors="0">
  <testcase name="QuoteVedaRecordNotFound_Android" time="111.436" classname="com.mobile.automation.scripts.QuoteVedaRecordNotFound_Android"/>
  <testcase name="QuoteVedaRecordNotFound_Android" time="105.567" classname="com.mobile.automation.scripts.QuoteVedaRecordNotFound_Android"/>
  <testcase name="QuoteVedaRecordNotFound_Android" time="104.038" classname="com.mobile.automation.scripts.QuoteVedaRecordNotFound_Android"/>
  <testcase name="QuoteVedaRecordNotFound_Android" time="108.230" classname="com.mobile.automation.scripts.QuoteVedaRecordNotFound_Android"/>
  <testcase name="QuoteVedaRecordNotFound_Android" time="103.970" classname="com.mobile.automation.scripts.QuoteVedaRecordNotFound_Android"/>
  <testcase name="QuoteVedaRecordNotFound_Android" time="112.592" classname="com.mobile.automation.scripts.QuoteVedaRecordNotFound_Android"/>
  <testcase name="QuoteVedaRecordNotFound_Android" time="112.762" classname="com.mobile.automation.scripts.QuoteVedaRecordNotFound_Android"/>
  <testcase name="QuoteVedaRecordNotFound_Android" time="102.249" classname="com.mobile.automation.scripts.QuoteVedaRecordNotFound_Android"/>
  <testcase name="QuoteVedaRecordNotFound_Android" time="109.471" classname="com.mobile.automation.scripts.QuoteVedaRecordNotFound_Android"/>
  <testcase name="QuoteVedaRecordNotFound_Android" time="105.689" classname="com.mobile.automation.scripts.QuoteVedaRecordNotFound_Android"/>
  <testcase name="QuoteVedaRecordNotFound_Android" time="109.611" classname="com.mobile.automation.scripts.QuoteVedaRecordNotFound_Android"/>
  <testcase name="QuoteVedaRecordNotFound_Android" time="103.180" classname="com.mobile.automation.scripts.QuoteVedaRecordNotFound_Android"/>
  <testcase name="QuoteVedaRecordNotFound_Android" time="113.076" classname="com.mobile.automation.scripts.QuoteVedaRecordNotFound_Android"/>
  <testcase name="QuoteVedaRecordNotFound_Android" time="104.778" classname="com.mobile.automation.scripts.QuoteVedaRecordNotFound_Android"/>
  <testcase name="QuoteVedaRecordNotFound_Android" time="111.098" classname="com.mobile.automation.scripts.QuoteVedaRecordNotFound_Android"/>
  <testcase name="QuoteVedaRecordNotFound_Android" time="112.536" classname="com.mobile.automation.scripts.QuoteVedaRecordNotFound_Android"/>
  <testcase name="QuoteVedaRecordNotFound_Android" time="112.404" classname="com.mobile.automation.scripts.QuoteVedaRecordNotFound_Android"/>
  <testcase name="QuoteVedaRecordNotFound_Android" time="105.199" classname="com.mobile.automation.scripts.QuoteVedaRecordNotFound_Android"/>
  <testcase name="QuoteVedaRecordNotFound_Android" time="109.970" classname="com.mobile.automation.scripts.QuoteVedaRecordNotFound_Android"/>
  <testcase name="QuoteVedaRecordNotFound_Android" time="104.964" classname="com.mobile.automation.scripts.QuoteVedaRecordNotFound_Android"/>
  <testcase name="QuoteVedaRecordNotFound_Android" time="104.426" classname="com.mobile.automation.scripts.QuoteVedaRecordNotFound_Android"/>
  <testcase name="QuoteVedaRecordNotFound_Android" time="112.852" classname="com.mobile.automation.scripts.QuoteVedaRecordNotFound_Android"/>
  <testcase name="QuoteVedaRecordNotFound_Android" time="104.378" classname="com.mobile.automation.scripts.QuoteVedaRecordNotFound_Android"/>
  <testcase name="QuoteVedaRecordNotFound_Android" time="104.826" classname="com.mobile.automation.scripts.QuoteVedaRecordNotFound_Android"/>
  <testcase name="QuoteVedaRecordNotFound_Android" time="110.363" classname="com.mobile.automation.scripts.QuoteVedaRecordNotFound_Android"/>
  <testcase name="QuoteVedaRecordNotFound_Android" time="109.443" classname="com.mobile.automation.scripts.QuoteVedaRecordNotFound_Android"/>
  <testcase name="QuoteVedaRecordNotFound_Android" time="112.433" classname="com.mobile.automation.scripts.QuoteVedaRecordNotFound_Android"/>
  <testcase name="QuoteVedaRecordNotFound_Android" time="108.613" classname="com.mobile.automation.scripts.QuoteVedaRecordNotFound_Android"/>
  <testcase name="QuoteVedaRecordNotFound_Android" time="108.521" classname="com.mobile.automation.scripts.QuoteVedaRecordNotFound_Android"/>
  <testcase name="QuoteVedaRecordNotFound_Android" time="107.491" classname="com.mobile.automation.scripts.QuoteVedaRecordNotFound_Android"/>
</testsuite> <!-- com.mobile.automation.scripts.QuoteVedaRecordNotFound_Android -->
