<?xml version="1.0" encoding="UTF-8"?>
<!-- Generated by org.testng.reporters.JUnitReportReporter -->
<testsuite skipped="0" hostname="HW1121" name="com.mobile.automation.scripts.QantasDemo" tests="1" failures="0" timestamp="20 Dec 2017 06:50:23 GMT" time="26.236" errors="0">
  <testcase name="QantasDemo" time="26.236" classname="com.mobile.automation.scripts.QantasDemo"/>
</testsuite> <!-- com.mobile.automation.scripts.QantasDemo -->
